\BOOKMARK [1][-]{section*.3}{\376\377\000A\000b\000k\000\374\000r\000z\000u\000n\000g\000s\000v\000e\000r\000z\000e\000i\000c\000h\000n\000i\000s}{}% 1
\BOOKMARK [1][-]{section.1}{\376\377\000E\000i\000n\000l\000e\000i\000t\000u\000n\000g}{}% 2
\BOOKMARK [2][-]{subsection.1.1}{\376\377\000H\000i\000n\000t\000e\000r\000g\000r\000u\000n\000d}{section.1}% 3
\BOOKMARK [2][-]{subsection.1.2}{\376\377\000Z\000i\000e\000l\000s\000t\000e\000l\000l\000u\000n\000g}{section.1}% 4
\BOOKMARK [1][-]{section.2}{\376\377\000G\000r\000u\000n\000d\000l\000a\000g\000e\000n\000:\000\040\000A\000u\000t\000o\000r\000s\000c\000h\000a\000f\000t\000\040\000u\000n\000d\000\040\000K\000\374\000n\000s\000t\000l\000i\000c\000h\000e\000\040\000I\000n\000t\000e\000l\000l\000i\000g\000e\000n\000z}{}% 5
\BOOKMARK [2][-]{subsection.2.1}{\376\377\000H\000i\000s\000t\000o\000r\000i\000s\000c\000h\000e\000r\000\040\000u\000n\000d\000\040\000p\000h\000i\000l\000o\000s\000o\000p\000h\000i\000s\000c\000h\000e\000r\000\040\000B\000e\000g\000r\000i\000f\000f\000\040\000d\000e\000r\000\040\000A\000u\000t\000o\000r\000s\000c\000h\000a\000f\000t}{section.2}% 6
\BOOKMARK [3][-]{subsubsection.2.1.1}{\376\377\000D\000a\000s\000\040\000s\000c\000h\000\366\000p\000f\000e\000r\000i\000s\000c\000h\000e\000\040\000I\000n\000d\000i\000v\000i\000d\000u\000u\000m}{subsection.2.1}% 7
\BOOKMARK [3][-]{subsubsection.2.1.2}{\376\377\000K\000o\000l\000l\000e\000k\000t\000i\000v\000e\000\040\000K\000r\000e\000a\000t\000i\000v\000i\000t\000\344\000t}{subsection.2.1}% 8
\BOOKMARK [3][-]{subsubsection.2.1.3}{\376\377\000O\000r\000i\000g\000i\000n\000a\000l\000i\000t\000\344\000t\000,\000\040\000I\000n\000s\000p\000i\000r\000a\000t\000i\000o\000n\000\040\000u\000n\000d\000\040\000g\000e\000i\000s\000t\000i\000g\000e\000s\000\040\000E\000i\000g\000e\000n\000t\000u\000m}{subsection.2.1}% 9
\BOOKMARK [1][-]{section.3}{\376\377\000T\000e\000c\000h\000n\000i\000s\000c\000h\000e\000\040\000P\000e\000r\000s\000p\000e\000k\000t\000i\000v\000e\000:\000\040\000A\000u\000t\000o\000r\000s\000c\000h\000a\000f\000t\000\040\000i\000n\000\040\000d\000e\000r\000\040\000a\000l\000g\000o\000r\000i\000t\000h\000m\000i\000s\000c\000h\000e\000n\000\040\000K\000r\000e\000a\000t\000i\000v\000i\000t\000\344\000t}{}% 10
\BOOKMARK [2][-]{subsection.3.1}{\376\377\000D\000e\000r\000\040\000k\000r\000e\000a\000t\000i\000v\000e\000\040\000P\000r\000o\000z\000e\000s\000s\000\040\000i\000n\000\040\000K\000I\000-\000S\000y\000s\000t\000e\000m\000e\000n}{section.3}% 11
\BOOKMARK [3][-]{subsubsection.3.1.1}{\376\377\000V\000o\000n\000\040\000d\000e\000r\000\040\000E\000i\000n\000g\000a\000b\000e\000\040\000z\000u\000r\000\040\000A\000u\000s\000g\000a\000b\000e\000:\000\040\000D\000i\000e\000\040\000t\000e\000c\000h\000n\000i\000s\000c\000h\000e\000\040\000P\000i\000p\000e\000l\000i\000n\000e}{subsection.3.1}% 12
\BOOKMARK [3][-]{subsubsection.3.1.2}{\376\377\000T\000e\000c\000h\000n\000i\000s\000c\000h\000e\000\040\000U\000r\000h\000e\000b\000e\000r\000s\000c\000h\000a\000f\000t\000:\000\040\000D\000a\000t\000e\000n\000,\000\040\000A\000l\000g\000o\000r\000i\000t\000h\000m\000e\000n\000\040\000u\000n\000d\000\040\000M\000o\000d\000e\000l\000l\000e\000\040\000a\000l\000s\000\040\000`\000`\000M\000i\000t\000-\000A\000u\000t\000o\000r\000e\000n\000'\000'}{subsection.3.1}% 13
\BOOKMARK [2][-]{subsection.3.2}{\376\377\000T\000r\000a\000n\000s\000p\000a\000r\000e\000n\000z\000\040\000u\000n\000d\000\040\000N\000a\000c\000h\000v\000o\000l\000l\000z\000i\000e\000h\000b\000a\000r\000k\000e\000i\000t}{section.3}% 14
\BOOKMARK [3][-]{subsubsection.3.2.1}{\376\377\000B\000e\000d\000e\000u\000t\000u\000n\000g\000\040\000f\000\374\000r\000\040\000d\000i\000e\000\040\000Z\000u\000s\000c\000h\000r\000e\000i\000b\000u\000n\000g\000\040\000v\000o\000n\000\040\000A\000u\000t\000o\000r\000e\000n\000s\000c\000h\000a\000f\000t\000\040\000u\000n\000d\000\040\000d\000i\000e\000\040\000M\000e\000n\000s\000c\000h\000-\000M\000a\000s\000c\000h\000i\000n\000e\000-\000K\000o\000o\000p\000e\000r\000a\000t\000i\000o\000n}{subsection.3.2}% 15
\BOOKMARK [2][-]{subsection.3.3}{\376\377\000Z\000w\000i\000s\000c\000h\000e\000n\000f\000a\000z\000i\000t\000:\000\040\000T\000e\000c\000h\000n\000i\000s\000c\000h\000e\000\040\000R\000e\000k\000o\000n\000z\000e\000p\000t\000i\000o\000n\000\040\000d\000e\000r\000\040\000A\000u\000t\000o\000r\000s\000c\000h\000a\000f\000t}{section.3}% 16
\BOOKMARK [1][-]{section.4}{\376\377\000E\000t\000h\000i\000s\000c\000h\000e\000\040\000P\000e\000r\000s\000p\000e\000k\000t\000i\000v\000e\000:\000\040\000M\000o\000r\000a\000l\000i\000s\000c\000h\000e\000\040\000V\000e\000r\000a\000n\000t\000w\000o\000r\000t\000u\000n\000g\000\040\000u\000n\000d\000\040\000g\000e\000i\000s\000t\000i\000g\000e\000\040\000I\000n\000t\000e\000g\000r\000i\000t\000\344\000t}{}% 17
\BOOKMARK [2][-]{subsection.4.1}{\376\377\000E\000i\000g\000e\000n\000t\000u\000m\000\040\000a\000n\000\040\000G\000e\000d\000a\000n\000k\000e\000n\000\040\000u\000n\000d\000\040\000I\000d\000e\000e\000n}{section.4}% 18
\BOOKMARK [3][-]{subsubsection.4.1.1}{\376\377\000I\000d\000e\000e\000n\000,\000\040\000S\000t\000i\000l\000e\000\040\000u\000n\000d\000\040\000A\000u\000s\000d\000r\000u\000c\000k\000:\000\040\000W\000a\000s\000\040\000i\000s\000t\000\040\000m\000o\000r\000a\000l\000i\000s\000c\000h\000\040\000s\000c\000h\000u\000t\000z\000w\000\374\000r\000d\000i\000g\000?}{subsection.4.1}% 19
\BOOKMARK [3][-]{subsubsection.4.1.2}{\376\377\000K\000o\000l\000l\000e\000k\000t\000i\000v\000e\000\040\000W\000i\000s\000s\000e\000n\000s\000p\000r\000o\000d\000u\000k\000t\000i\000o\000n\000\040\000a\000l\000s\000\040\000V\000e\000r\000g\000l\000e\000i\000c\000h\000s\000f\000o\000l\000i\000e}{subsection.4.1}% 20
\BOOKMARK [2][-]{subsection.4.2}{\376\377\000E\000t\000h\000i\000k\000\040\000d\000e\000r\000\040\000K\000r\000e\000a\000t\000i\000v\000i\000t\000\344\000t}{section.4}% 21
\BOOKMARK [3][-]{subsubsection.4.2.1}{\376\377\000D\000e\000o\000n\000t\000o\000l\000o\000g\000i\000s\000c\000h\000e\000\040\000S\000i\000c\000h\000t\000:\000\040\000R\000e\000s\000p\000e\000k\000t\000\040\000v\000o\000r\000\040\000g\000e\000i\000s\000t\000i\000g\000e\000r\000\040\000A\000u\000t\000o\000n\000o\000m\000i\000e}{subsection.4.2}% 22
\BOOKMARK [3][-]{subsubsection.4.2.2}{\376\377\000U\000t\000i\000l\000i\000t\000a\000r\000i\000s\000t\000i\000s\000c\000h\000e\000\040\000S\000i\000c\000h\000t\000:\000\040\000G\000e\000s\000e\000l\000l\000s\000c\000h\000a\000f\000t\000l\000i\000c\000h\000e\000r\000\040\000N\000u\000t\000z\000e\000n\000\040\000v\000s\000.\000\040\000i\000n\000d\000i\000v\000i\000d\000u\000e\000l\000l\000e\000r\000\040\000V\000e\000r\000l\000u\000s\000t}{subsection.4.2}% 23
\BOOKMARK [3][-]{subsubsection.4.2.3}{\376\377\000D\000a\000t\000e\000n\000-\000\040\000u\000n\000d\000\040\000I\000n\000f\000o\000r\000m\000a\000t\000i\000o\000n\000s\000e\000t\000h\000i\000k\000:\000\040\000V\000e\000r\000a\000n\000t\000w\000o\000r\000t\000u\000n\000g\000\040\000i\000m\000\040\000I\000n\000f\000o\000r\000m\000a\000t\000i\000o\000n\000s\000\366\000k\000o\000s\000y\000s\000t\000e\000m}{subsection.4.2}% 24
\BOOKMARK [2][-]{subsection.4.3}{\376\377\000P\000l\000a\000g\000i\000a\000t\000,\000\040\000F\000a\000i\000r\000n\000e\000s\000s\000\040\000u\000n\000d\000\040\000A\000n\000e\000r\000k\000e\000n\000n\000u\000n\000g}{section.4}% 25
\BOOKMARK [3][-]{subsubsection.4.3.1}{\376\377\000A\000b\000\040\000w\000a\000n\000n\000\040\000w\000i\000r\000d\000\040\000a\000l\000g\000o\000r\000i\000t\000h\000m\000i\000s\000c\000h\000e\000\040\000I\000n\000s\000p\000i\000r\000a\000t\000i\000o\000n\000\040\000z\000u\000\040\000I\000d\000e\000e\000n\000d\000i\000e\000b\000s\000t\000a\000h\000l\000?}{subsection.4.3}% 26
\BOOKMARK [3][-]{subsubsection.4.3.2}{\376\377\000S\000t\000i\000l\000k\000o\000p\000i\000e\000n\000,\000\040\000R\000e\000m\000i\000x\000i\000n\000g\000\040\000u\000n\000d\000\040\000a\000l\000g\000o\000r\000i\000t\000h\000m\000i\000s\000c\000h\000e\000\040\000C\000o\000l\000l\000a\000g\000e}{subsection.4.3}% 27
\BOOKMARK [3][-]{subsubsection.4.3.3}{\376\377\000F\000a\000i\000r\000n\000e\000s\000s\000\040\000a\000l\000s\000\040\000A\000n\000e\000r\000k\000e\000n\000n\000u\000n\000g\000s\000-\000\040\000u\000n\000d\000\040\000V\000e\000r\000f\000a\000h\000r\000e\000n\000s\000f\000r\000a\000g\000e}{subsection.4.3}% 28
\BOOKMARK [2][-]{subsection.4.4}{\376\377\000Z\000w\000i\000s\000c\000h\000e\000n\000f\000a\000z\000i\000t\000:\000\040\000A\000u\000t\000o\000r\000s\000c\000h\000a\000f\000t\000\040\000a\000l\000s\000\040\000m\000o\000r\000a\000l\000i\000s\000c\000h\000e\000\040\000V\000e\000r\000a\000n\000t\000w\000o\000r\000t\000u\000n\000g}{section.4}% 29
\BOOKMARK [1][-]{section*.4}{\376\377\000Q\000u\000e\000l\000l\000e\000n\000v\000e\000r\000z\000e\000i\000c\000h\000n\000i\000s}{}% 30
\BOOKMARK [1][-]{section*.5}{\376\377\000E\000i\000g\000e\000n\000s\000t\000\344\000n\000d\000i\000g\000k\000e\000i\000t\000s\000e\000r\000k\000l\000\344\000r\000u\000n\000g}{}% 31
\BOOKMARK [1][-]{section*.6}{\376\377\000A\000u\000f\000t\000e\000i\000l\000u\000n\000g\000\040\000d\000e\000r\000\040\000I\000n\000h\000a\000l\000t\000e}{}% 32
